<?xml version="1.0" encoding="UTF-8"?>
<testng-results ignored="0" total="1" passed="1" failed="0" skipped="0">
  <reporter-output>
  </reporter-output>
  <suite started-at="2025-01-18T10:34:15 EET" name="Default suite" finished-at="2025-01-18T10:34:24 EET" duration-ms="9717">
    <groups>
      <group name="negative">
        <method signature="UserStory1.userStoryNegativeEmailTest(java.util.HashMap)[pri:0, instance:UserStories.Tests.UserStory1@3e8c3cb]" name="userStoryNegativeEmailTest" class="UserStories.Tests.UserStory1"/>
      </group> <!-- negative -->
    </groups>
    <test started-at="2025-01-18T10:34:15 EET" name="Default test" finished-at="2025-01-18T10:34:24 EET" duration-ms="9717">
      <class name="UserStories.Tests.UserStory1">
        <test-method signature="userStoryNegativeEmailTest(java.util.HashMap)[pri:0, instance:UserStories.Tests.UserStory1@3e8c3cb]" started-at="2025-01-18T10:34:16 EET" name="userStoryNegativeEmailTest" data-provider="getNegativeData" finished-at="2025-01-18T10:34:24 EET" duration-ms="8438" status="PASS">
          <params>
            <param index="0">
              <value>
                <![CDATA[{firstName=Harjith, lastName=Shiva, confirmPassword=Assbr5$vg_123, password=Assbr5$vg_123, telephone=8486597852, email=Shiva_18@hotmail.com}]]>
              </value>
            </param>
          </params>
          <reporter-output>
          </reporter-output>
        </test-method> <!-- userStoryNegativeEmailTest -->
        <test-method is-config="true" signature="closeCurrentDriver()[pri:0, instance:UserStories.Tests.UserStory1@3e8c3cb]" started-at="2025-01-18T10:34:24 EET" name="closeCurrentDriver" finished-at="2025-01-18T10:34:24 EET" duration-ms="330" status="PASS">
          <reporter-output>
          </reporter-output>
        </test-method> <!-- closeCurrentDriver -->
      </class> <!-- UserStories.Tests.UserStory1 -->
    </test> <!-- Default test -->
  </suite> <!-- Default suite -->
</testng-results>
