<?xml version="1.0" encoding="UTF-8"?>
<!-- Generated by org.testng.reporters.JUnitXMLReporter -->
<testsuite ignored="3" hostname="LAPTOP-EP5TPTKL" failures="0" tests="1" name="Default test" time="9.717" errors="0" timestamp="2025-01-18T10:34:24 EET">
  <testcase classname="UserStories.Tests.UserStory1" name="userStoryNegativeEmailTest" time="8.438"/>
  <testcase classname="UserStories.Tests.UserStory1" name="userStoryPasswordNotMatchingTest" time="0.0">
    <ignored/>
  </testcase> <!-- userStoryPasswordNotMatchingTest -->
  <testcase classname="UserStories.Tests.UserStory1" name="userStoryPositiveTest" time="0.0">
    <ignored/>
  </testcase> <!-- userStoryPositiveTest -->
  <testcase classname="UserStories.Tests.UserStory1" name="userStoryNegativePasswordTest" time="0.0">
    <ignored/>
  </testcase> <!-- userStoryNegativePasswordTest -->
</testsuite> <!-- Default test -->
